<?xml version="1.0" encoding="UTF-8"?>
<!-- Generated by org.testng.reporters.JUnitXMLReporter -->
<testsuite hostname="DESKTOP-KEO17GQ" ignored="3" name="Default test" tests="1" failures="0" timestamp="18 Jan 2018 11:24:35 GMT" time="24.033" errors="0">
  <testcase name="verifyWithSelectedVehicle" time="23.2" classname="com.ch.ta.desktopTests.CarbarTest"/>
  <testcase name="verifyExpandIcon" time="0.0" classname="com.ch.ta.desktopTests.CarbarTest">
    <ignored/>
  </testcase> <!-- verifyExpandIcon -->
  <testcase name="verifyDisplayOfCarBar" time="0.0" classname="com.ch.ta.desktopTests.CarbarTest">
    <ignored/>
  </testcase> <!-- verifyDisplayOfCarBar -->
  <testcase name="verifyOnAddVehicleLink" time="0.0" classname="com.ch.ta.desktopTests.CarbarTest">
    <ignored/>
  </testcase> <!-- verifyOnAddVehicleLink -->
</testsuite> <!-- Default test -->
