<?xml version="1.0" encoding="UTF-8"?>
<testsuite name="TBC Suite"
           tests="3"
           failures="0"
           errors="0"
           skipped="3"
           time="0.001">
  <properties />
  
            <testcase name="tyreURL" time="0.0" classname="com.ch.tbc.testsMobile.MobileNoSearchResultPageTest">
          <skipped />
    </testcase>
            <testcase name="testQuitDriver" time="0.0" classname="com.ch.tbc.testsMobile.MobileNoSearchResultPageTest">
          <skipped />
    </testcase>
            <testcase name="verifyNoSearchResultTest" time="0.0" classname="com.ch.tbc.testsMobile.MobileNoSearchResultPageTest">
          <skipped />
    </testcase>
  
  
</testsuite>
