<?xml version="1.0" encoding="UTF-8"?>
<testsuite name="TBC Suite"
           tests="6"
           failures="0"
           errors="0"
           skipped="6"
           time="0.000">
  <properties />
  
            <testcase name="testQuitDriver" time="0.0" classname="com.ch.tbc.tests.NoSearchResultPageTest">
          <skipped />
    </testcase>
            <testcase name="tyreURL" time="0.0" classname="com.ch.tbc.tests.NoSearchResultPageTest">
          <skipped />
    </testcase>
            <testcase name="tyreURL" time="0.0" classname="com.ch.tbc.tests.NoSearchResultPageTest">
          <skipped />
    </testcase>
            <testcase name="testQuitDriver" time="0.0" classname="com.ch.tbc.tests.NoSearchResultPageTest">
          <skipped />
    </testcase>
            <testcase name="verifyNoSearchResultTest" time="0.0" classname="com.ch.tbc.tests.NoSearchResultPageTest">
          <skipped />
    </testcase>
            <testcase name="verifySignedInNoSearchResultTest" time="0.0" classname="com.ch.tbc.tests.NoSearchResultPageTest">
          <skipped />
    </testcase>
  
  
</testsuite>
