<?xml version="1.0" encoding="UTF-8"?>
<!-- Generated by org.testng.reporters.JUnitXMLReporter -->
<testsuite hostname="abhishek" name="TBC Suite" tests="23" failures="0" timestamp="23 Feb 2017 06:02:13 GMT" time="1001.565" errors="0">
  <testcase name="clickBookAppointment" time="49.599" classname="com.ch.tbc.tabletTest.StorePageTabletTest"/>
  <testcase name="clearTextintoAddressVerifyWatermarkTest" time="81.094" classname="com.ch.tbc.tabletTest.StorePageTabletTest"/>
  <testcase name="clickDeals" time="77.94" classname="com.ch.tbc.tabletTest.StorePageTabletTest"/>
  <testcase name="clickStoreStreetLinkTest" time="94.141" classname="com.ch.tbc.tabletTest.StorePageTabletTest"/>
  <testcase name="clickShopTires" time="61.534" classname="com.ch.tbc.tabletTest.StorePageTabletTest"/>
  <testcase name="clickViewStorePage" time="86.387" classname="com.ch.tbc.tabletTest.StorePageTabletTest"/>
  <testcase name="fromTextBoxGeolocationIcon" time="78.807" classname="com.ch.tbc.tabletTest.StorePageTabletTest"/>
  <testcase name="fromTextBoxPlaceHolderAppearance" time="95.135" classname="com.ch.tbc.tabletTest.StorePageTabletTest"/>
  <testcase name="getAddressToFieldTest" time="215.205" classname="com.ch.tbc.tabletTest.StorePageTabletTest"/>
  <testcase name="fromTextBoxPlaceHolderDisappearance" time="243.44" classname="com.ch.tbc.tabletTest.StorePageTabletTest"/>
  <testcase name="isCloseLink" time="30.747" classname="com.ch.tbc.tabletTest.StorePageTabletTest"/>
  <testcase name="isAmenities" time="61.568" classname="com.ch.tbc.tabletTest.StorePageTabletTest"/>
  <testcase name="isHours" time="70.747" classname="com.ch.tbc.tabletTest.StorePageTabletTest"/>
  <testcase name="getDirectionsLink" time="92.338" classname="com.ch.tbc.tabletTest.StorePageTabletTest"/>
  <testcase name="isServices" time="23.05" classname="com.ch.tbc.tabletTest.StorePageTabletTest"/>
  <testcase name="isMyStoreLink" time="71.864" classname="com.ch.tbc.tabletTest.StorePageTabletTest"/>
  <testcase name="isStoreListingInfoTest" time="28.779" classname="com.ch.tbc.tabletTest.StorePageTabletTest"/>
  <testcase name="storeLinks" time="60.996" classname="com.ch.tbc.tabletTest.StorePageTabletTest"/>
  <testcase name="storePhoneNumber" time="50.629" classname="com.ch.tbc.tabletTest.StorePageTabletTest"/>
  <testcase name="storeStreetAddressLink" time="56.846" classname="com.ch.tbc.tabletTest.StorePageTabletTest"/>
  <testcase name="verifyStoreGetDirectionSaticTextTest" time="58.92" classname="com.ch.tbc.tabletTest.StorePageTabletTest"/>
  <testcase name="verifyStoreGetDirectionTest" time="43.975" classname="com.ch.tbc.tabletTest.StorePageTabletTest"/>
  <testcase name="getDirectioncloseLinkTest" time="64.581" classname="com.ch.tbc.tabletTest.StorePageTabletTest"/>
</testsuite> <!-- TBC Suite -->
