<?xml version="1.0" encoding="UTF-8"?>
<!-- Generated by org.testng.reporters.JUnitXMLReporter -->
<testsuite hostname="abhishek" name="TBC Suite" tests="3" failures="0" timestamp="13 Jan 2017 07:46:51 GMT" time="380.025" errors="0">
  <testcase name="filterTrailerTire" time="111.788" classname="com.ch.tbc.tests.TrailerTireFilterTest"/>
  <testcase name="filterTrailerTire" time="178.258" classname="com.ch.tbc.testsMobile.MobileTrailerTireFilterTest"/>
  <testcase name="filterLabelsByVehicle" time="103.547" classname="com.ch.tbc.tabletTest.TabletTrailerTireFilterTest"/>
</testsuite> <!-- TBC Suite -->
