<?xml version="1.0" encoding="UTF-8"?>
<!-- Generated by org.testng.reporters.JUnitXMLReporter -->
<testsuite hostname="abhishek" name="TBC Suite" tests="21" failures="0" timestamp="12 Jan 2017 06:02:05 GMT" time="546.431" errors="0">
  <testcase name="verifyFindAStoreButtonTest" time="12.105" classname="com.ch.tbc.testsMobile.MobileAnonymousUserOrYourStorePageTest"/>
  <testcase name="verifyDefaultStoresTest" time="91.29" classname="com.ch.tbc.testsMobile.MobileAnonymousUserOrYourStorePageTest"/>
  <testcase name="verifyStoreSelectionTest" time="104.844" classname="com.ch.tbc.testsMobile.MobileAnonymousUserOrYourStorePageTest"/>
  <testcase name="verifyMoreStoreLinkTest" time="87.36" classname="com.ch.tbc.testsMobile.MobileAnonymousUserOrYourStorePageTest"/>
  <testcase name="verifyStoreProgressBarTest" time="95.042" classname="com.ch.tbc.testsMobile.MobileAnonymousUserOrYourStorePageTest"/>
  <testcase name="verifySelectStoreLabelTest" time="96.747" classname="com.ch.tbc.testsMobile.MobileAnonymousUserOrYourStorePageTest"/>
  <testcase name="verifyStoreSearchBoxTest" time="97.954" classname="com.ch.tbc.testsMobile.MobileAnonymousUserOrYourStorePageTest"/>
  <testcase name="verifyDefaultStoresTest" time="72.541" classname="com.ch.tbc.tabletTest.AnonymousUserOrYourStorePageTabletTest"/>
  <testcase name="verifyFindAStoreButtonTest" time="72.77" classname="com.ch.tbc.tabletTest.AnonymousUserOrYourStorePageTabletTest"/>
  <testcase name="verifyMoreStoreLinkTest" time="75.396" classname="com.ch.tbc.tabletTest.AnonymousUserOrYourStorePageTabletTest"/>
  <testcase name="verifyStoreProgressBarTest" time="77.506" classname="com.ch.tbc.tabletTest.AnonymousUserOrYourStorePageTabletTest"/>
  <testcase name="verifyDefaultStoresTest" time="85.719" classname="com.ch.tbc.tests.AnonymousUserOrYourStorePageTest"/>
  <testcase name="verifySelectStoreLabelTest" time="96.296" classname="com.ch.tbc.tabletTest.AnonymousUserOrYourStorePageTabletTest"/>
  <testcase name="verifyStoreSearchBoxTest" time="88.752" classname="com.ch.tbc.tabletTest.AnonymousUserOrYourStorePageTabletTest"/>
  <testcase name="verifyStoreSelectionTest" time="88.575" classname="com.ch.tbc.tabletTest.AnonymousUserOrYourStorePageTabletTest"/>
  <testcase name="verifyMoreStoreLinkTest" time="49.663" classname="com.ch.tbc.tests.AnonymousUserOrYourStorePageTest"/>
  <testcase name="verifyFindAStoreButtonTest" time="96.747" classname="com.ch.tbc.tests.AnonymousUserOrYourStorePageTest"/>
  <testcase name="verifyStoreSearchBoxTest" time="25.446" classname="com.ch.tbc.tests.AnonymousUserOrYourStorePageTest"/>
  <testcase name="verifySelectStoreLabelTest" time="57.067" classname="com.ch.tbc.tests.AnonymousUserOrYourStorePageTest"/>
  <testcase name="verifyStoreSelectionTest" time="73.98" classname="com.ch.tbc.tests.AnonymousUserOrYourStorePageTest"/>
  <testcase name="verifyStoreProgressBarTest" time="150.597" classname="com.ch.tbc.tests.AnonymousUserOrYourStorePageTest"/>
</testsuite> <!-- TBC Suite -->
